[1.830s] Invoking command in '/home/dev/Desktop/HACK-60-/ros/src/gesture_control': PYTHONPATH=/home/dev/Desktop/HACK-60-/ros/build/gesture_control/prefix_override:/usr/lib/python3/dist-packages/colcon_core/task/python/colcon_distutils_commands:/home/dev/Desktop/HACK-60-/ros/install/gesture_control/lib/python3.10/site-packages:${PYTHONPATH} /usr/bin/python3 -W ignore:setup.py install is deprecated -W ignore:easy_install command is deprecated setup.py egg_info --egg-base ../../build/gesture_control build --build-base /home/dev/Desktop/HACK-60-/ros/build/gesture_control/build install --record /home/dev/Desktop/HACK-60-/ros/build/gesture_control/install.log --single-version-externally-managed install_data
[2.188s] running egg_info
[2.189s] writing ../../build/gesture_control/gesture_control.egg-info/PKG-INFO
[2.189s] writing dependency_links to ../../build/gesture_control/gesture_control.egg-info/dependency_links.txt
[2.189s] writing entry points to ../../build/gesture_control/gesture_control.egg-info/entry_points.txt
[2.190s] writing requirements to ../../build/gesture_control/gesture_control.egg-info/requires.txt
[2.190s] writing top-level names to ../../build/gesture_control/gesture_control.egg-info/top_level.txt
[2.192s] reading manifest file '../../build/gesture_control/gesture_control.egg-info/SOURCES.txt'
[2.193s] writing manifest file '../../build/gesture_control/gesture_control.egg-info/SOURCES.txt'
[2.193s] running build
[2.193s] running build_py
[2.193s] copying gesture_control/gesture_publisher.py -> /home/dev/Desktop/HACK-60-/ros/build/gesture_control/build/lib/gesture_control
[2.194s] copying gesture_control/robot_controller.py -> /home/dev/Desktop/HACK-60-/ros/build/gesture_control/build/lib/gesture_control
[2.194s] running install
[2.194s] running install_lib
[2.195s] copying /home/dev/Desktop/HACK-60-/ros/build/gesture_control/build/lib/gesture_control/gesture_publisher.py -> /home/dev/Desktop/HACK-60-/ros/install/gesture_control/lib/python3.10/site-packages/gesture_control
[2.195s] copying /home/dev/Desktop/HACK-60-/ros/build/gesture_control/build/lib/gesture_control/robot_controller.py -> /home/dev/Desktop/HACK-60-/ros/install/gesture_control/lib/python3.10/site-packages/gesture_control
[2.196s] byte-compiling /home/dev/Desktop/HACK-60-/ros/install/gesture_control/lib/python3.10/site-packages/gesture_control/gesture_publisher.py to gesture_publisher.cpython-310.pyc
[2.198s] byte-compiling /home/dev/Desktop/HACK-60-/ros/install/gesture_control/lib/python3.10/site-packages/gesture_control/robot_controller.py to robot_controller.cpython-310.pyc
[2.198s] running install_data
[2.199s] running install_egg_info
[2.203s] removing '/home/dev/Desktop/HACK-60-/ros/install/gesture_control/lib/python3.10/site-packages/gesture_control-0.0.0-py3.10.egg-info' (and everything under it)
[2.232s] Copying ../../build/gesture_control/gesture_control.egg-info to /home/dev/Desktop/HACK-60-/ros/install/gesture_control/lib/python3.10/site-packages/gesture_control-0.0.0-py3.10.egg-info
[2.234s] running install_scripts
[2.262s] Installing gesture_pub script to /home/dev/Desktop/HACK-60-/ros/install/gesture_control/lib/gesture_control
[2.262s] Installing robot_ctrl script to /home/dev/Desktop/HACK-60-/ros/install/gesture_control/lib/gesture_control
[2.262s] writing list of installed files to '/home/dev/Desktop/HACK-60-/ros/build/gesture_control/install.log'
[2.296s] Invoked command in '/home/dev/Desktop/HACK-60-/ros/src/gesture_control' returned '0': PYTHONPATH=/home/dev/Desktop/HACK-60-/ros/build/gesture_control/prefix_override:/usr/lib/python3/dist-packages/colcon_core/task/python/colcon_distutils_commands:/home/dev/Desktop/HACK-60-/ros/install/gesture_control/lib/python3.10/site-packages:${PYTHONPATH} /usr/bin/python3 -W ignore:setup.py install is deprecated -W ignore:easy_install command is deprecated setup.py egg_info --egg-base ../../build/gesture_control build --build-base /home/dev/Desktop/HACK-60-/ros/build/gesture_control/build install --record /home/dev/Desktop/HACK-60-/ros/build/gesture_control/install.log --single-version-externally-managed install_data
