[2.690s] DEBUG:colcon:Command line arguments: ['/usr/bin/colcon', 'build']
[2.690s] DEBUG:colcon:Parsed command line arguments: Namespace(log_base=None, log_level=None, verb_name='build', build_base='build', install_base='install', merge_install=False, symlink_install=False, test_result_base=None, continue_on_error=False, executor='parallel', parallel_workers=8, event_handlers=None, ignore_user_meta=False, metas=['./colcon.meta'], base_paths=['.'], packages_ignore=None, packages_ignore_regex=None, paths=None, packages_up_to=None, packages_up_to_regex=None, packages_above=None, packages_above_and_dependencies=None, packages_above_depth=None, packages_select_by_dep=None, packages_skip_by_dep=None, packages_skip_up_to=None, packages_select_build_failed=False, packages_skip_build_finished=False, packages_select_test_failures=False, packages_skip_test_passed=False, packages_select=None, packages_skip=None, packages_select_regex=None, packages_skip_regex=None, packages_start=None, packages_end=None, allow_overriding=[], cmake_args=None, cmake_target=None, cmake_target_skip_unavailable=False, cmake_clean_cache=False, cmake_clean_first=False, cmake_force_configure=False, ament_cmake_args=None, catkin_cmake_args=None, catkin_skip_building_tests=False, mixin_files=None, mixin=None, verb_parser=<colcon_mixin.mixin.mixin_argument.MixinArgumentDecorator object at 0x7348a2b525f0>, verb_extension=<colcon_core.verb.build.BuildVerb object at 0x7348a2b52140>, main=<bound method BuildVerb.main of <colcon_core.verb.build.BuildVerb object at 0x7348a2b52140>>, mixin_verb=('build',))
[11.906s] Level 1:colcon.colcon_core.package_discovery:discover_packages(colcon_meta) check parameters
[11.906s] Level 1:colcon.colcon_core.package_discovery:discover_packages(recursive) check parameters
[11.906s] Level 1:colcon.colcon_core.package_discovery:discover_packages(ignore) check parameters
[11.906s] Level 1:colcon.colcon_core.package_discovery:discover_packages(path) check parameters
[11.906s] Level 1:colcon.colcon_core.package_discovery:discover_packages(colcon_meta) discover
[11.906s] Level 1:colcon.colcon_core.package_discovery:discover_packages(recursive) discover
[11.906s] INFO:colcon.colcon_core.package_discovery:Crawling recursively for packages in '/home/dev/Desktop/HACK-60-/ros'
[11.907s] Level 1:colcon.colcon_core.package_identification:_identify(.) by extensions ['ignore', 'ignore_ament_install']
[11.907s] Level 1:colcon.colcon_core.package_identification:_identify(.) by extension 'ignore'
[11.907s] Level 1:colcon.colcon_core.package_identification:_identify(.) by extension 'ignore_ament_install'
[11.907s] Level 1:colcon.colcon_core.package_identification:_identify(.) by extensions ['colcon_pkg']
[11.907s] Level 1:colcon.colcon_core.package_identification:_identify(.) by extension 'colcon_pkg'
[11.907s] Level 1:colcon.colcon_core.package_identification:_identify(.) by extensions ['colcon_meta']
[11.907s] Level 1:colcon.colcon_core.package_identification:_identify(.) by extension 'colcon_meta'
[11.907s] Level 1:colcon.colcon_core.package_identification:_identify(.) by extensions ['ros']
[11.907s] Level 1:colcon.colcon_core.package_identification:_identify(.) by extension 'ros'
[11.917s] Level 1:colcon.colcon_core.package_identification:_identify(.) by extensions ['cmake', 'python']
[11.918s] Level 1:colcon.colcon_core.package_identification:_identify(.) by extension 'cmake'
[11.918s] Level 1:colcon.colcon_core.package_identification:_identify(.) by extension 'python'
[11.918s] Level 1:colcon.colcon_core.package_identification:_identify(.) by extensions ['python_setup_py']
[11.918s] Level 1:colcon.colcon_core.package_identification:_identify(.) by extension 'python_setup_py'
[11.918s] Level 1:colcon.colcon_core.package_identification:_identify(build) by extensions ['ignore', 'ignore_ament_install']
[11.918s] Level 1:colcon.colcon_core.package_identification:_identify(build) by extension 'ignore'
[11.918s] Level 1:colcon.colcon_core.package_identification:_identify(build) ignored
[11.918s] Level 1:colcon.colcon_core.package_identification:_identify(install) by extensions ['ignore', 'ignore_ament_install']
[11.918s] Level 1:colcon.colcon_core.package_identification:_identify(install) by extension 'ignore'
[11.918s] Level 1:colcon.colcon_core.package_identification:_identify(install) ignored
[11.919s] Level 1:colcon.colcon_core.package_identification:_identify(log) by extensions ['ignore', 'ignore_ament_install']
[11.919s] Level 1:colcon.colcon_core.package_identification:_identify(log) by extension 'ignore'
[11.919s] Level 1:colcon.colcon_core.package_identification:_identify(log) ignored
[11.919s] Level 1:colcon.colcon_core.package_identification:_identify(src) by extensions ['ignore', 'ignore_ament_install']
[11.919s] Level 1:colcon.colcon_core.package_identification:_identify(src) by extension 'ignore'
[11.919s] Level 1:colcon.colcon_core.package_identification:_identify(src) by extension 'ignore_ament_install'
[11.919s] Level 1:colcon.colcon_core.package_identification:_identify(src) by extensions ['colcon_pkg']
[11.919s] Level 1:colcon.colcon_core.package_identification:_identify(src) by extension 'colcon_pkg'
[11.919s] Level 1:colcon.colcon_core.package_identification:_identify(src) by extensions ['colcon_meta']
[11.919s] Level 1:colcon.colcon_core.package_identification:_identify(src) by extension 'colcon_meta'
[11.919s] Level 1:colcon.colcon_core.package_identification:_identify(src) by extensions ['ros']
[11.919s] Level 1:colcon.colcon_core.package_identification:_identify(src) by extension 'ros'
[11.919s] Level 1:colcon.colcon_core.package_identification:_identify(src) by extensions ['cmake', 'python']
[11.919s] Level 1:colcon.colcon_core.package_identification:_identify(src) by extension 'cmake'
[11.919s] Level 1:colcon.colcon_core.package_identification:_identify(src) by extension 'python'
[11.919s] Level 1:colcon.colcon_core.package_identification:_identify(src) by extensions ['python_setup_py']
[11.920s] Level 1:colcon.colcon_core.package_identification:_identify(src) by extension 'python_setup_py'
[11.920s] Level 1:colcon.colcon_core.package_identification:_identify(src/gesture_control) by extensions ['ignore', 'ignore_ament_install']
[11.920s] Level 1:colcon.colcon_core.package_identification:_identify(src/gesture_control) by extension 'ignore'
[11.920s] Level 1:colcon.colcon_core.package_identification:_identify(src/gesture_control) by extension 'ignore_ament_install'
[11.920s] Level 1:colcon.colcon_core.package_identification:_identify(src/gesture_control) by extensions ['colcon_pkg']
[11.920s] Level 1:colcon.colcon_core.package_identification:_identify(src/gesture_control) by extension 'colcon_pkg'
[11.920s] Level 1:colcon.colcon_core.package_identification:_identify(src/gesture_control) by extensions ['colcon_meta']
[11.920s] Level 1:colcon.colcon_core.package_identification:_identify(src/gesture_control) by extension 'colcon_meta'
[11.920s] Level 1:colcon.colcon_core.package_identification:_identify(src/gesture_control) by extensions ['ros']
[11.920s] Level 1:colcon.colcon_core.package_identification:_identify(src/gesture_control) by extension 'ros'
[12.022s] DEBUG:colcon.colcon_core.package_identification:Package 'src/gesture_control' with type 'ros.ament_python' and name 'gesture_control'
[12.022s] Level 1:colcon.colcon_core.package_discovery:discover_packages(recursive) using defaults
[12.022s] Level 1:colcon.colcon_core.package_discovery:discover_packages(ignore) discover
[12.022s] Level 1:colcon.colcon_core.package_discovery:discover_packages(ignore) using defaults
[12.022s] Level 1:colcon.colcon_core.package_discovery:discover_packages(path) discover
[12.022s] Level 1:colcon.colcon_core.package_discovery:discover_packages(path) using defaults
[12.052s] Level 1:colcon.colcon_core.package_discovery:discover_packages(prefix_path) check parameters
[12.052s] Level 1:colcon.colcon_core.package_discovery:discover_packages(prefix_path) discover
[12.056s] DEBUG:colcon.colcon_installed_package_information.package_discovery:Found 424 installed packages in /opt/ros/humble
[12.057s] Level 1:colcon.colcon_core.package_discovery:discover_packages(prefix_path) using defaults
[12.103s] Level 5:colcon.colcon_core.verb:set package 'gesture_control' build argument 'cmake_args' from command line to 'None'
[12.103s] Level 5:colcon.colcon_core.verb:set package 'gesture_control' build argument 'cmake_target' from command line to 'None'
[12.103s] Level 5:colcon.colcon_core.verb:set package 'gesture_control' build argument 'cmake_target_skip_unavailable' from command line to 'False'
[12.103s] Level 5:colcon.colcon_core.verb:set package 'gesture_control' build argument 'cmake_clean_cache' from command line to 'False'
[12.103s] Level 5:colcon.colcon_core.verb:set package 'gesture_control' build argument 'cmake_clean_first' from command line to 'False'
[12.103s] Level 5:colcon.colcon_core.verb:set package 'gesture_control' build argument 'cmake_force_configure' from command line to 'False'
[12.103s] Level 5:colcon.colcon_core.verb:set package 'gesture_control' build argument 'ament_cmake_args' from command line to 'None'
[12.103s] Level 5:colcon.colcon_core.verb:set package 'gesture_control' build argument 'catkin_cmake_args' from command line to 'None'
[12.103s] Level 5:colcon.colcon_core.verb:set package 'gesture_control' build argument 'catkin_skip_building_tests' from command line to 'False'
[12.103s] DEBUG:colcon.colcon_core.verb:Building package 'gesture_control' with the following arguments: {'ament_cmake_args': None, 'build_base': '/home/dev/Desktop/HACK-60-/ros/build/gesture_control', 'catkin_cmake_args': None, 'catkin_skip_building_tests': False, 'cmake_args': None, 'cmake_clean_cache': False, 'cmake_clean_first': False, 'cmake_force_configure': False, 'cmake_target': None, 'cmake_target_skip_unavailable': False, 'install_base': '/home/dev/Desktop/HACK-60-/ros/install/gesture_control', 'merge_install': False, 'path': '/home/dev/Desktop/HACK-60-/ros/src/gesture_control', 'symlink_install': False, 'test_result_base': None}
[12.103s] INFO:colcon.colcon_core.executor:Executing jobs using 'parallel' executor
[12.104s] DEBUG:colcon.colcon_parallel_executor.executor.parallel:run_until_complete
[12.105s] INFO:colcon.colcon_ros.task.ament_python.build:Building ROS package in '/home/dev/Desktop/HACK-60-/ros/src/gesture_control' with build type 'ament_python'
[12.105s] Level 1:colcon.colcon_core.shell:create_environment_hook('gesture_control', 'ament_prefix_path')
[12.107s] INFO:colcon.colcon_core.plugin_system:Skipping extension 'colcon_core.shell.bat': Not used on non-Windows systems
[12.107s] INFO:colcon.colcon_core.shell:Creating environment hook '/home/dev/Desktop/HACK-60-/ros/install/gesture_control/share/gesture_control/hook/ament_prefix_path.ps1'
[12.128s] INFO:colcon.colcon_core.shell:Creating environment descriptor '/home/dev/Desktop/HACK-60-/ros/install/gesture_control/share/gesture_control/hook/ament_prefix_path.dsv'
[12.179s] INFO:colcon.colcon_core.shell:Creating environment hook '/home/dev/Desktop/HACK-60-/ros/install/gesture_control/share/gesture_control/hook/ament_prefix_path.sh'
[12.180s] INFO:colcon.colcon_core.shell:Skip shell extension 'powershell' for command environment: Not usable outside of PowerShell
[12.180s] DEBUG:colcon.colcon_core.shell:Skip shell extension 'dsv' for command environment
[12.599s] INFO:colcon.colcon_core.task.python.build:Building Python package in '/home/dev/Desktop/HACK-60-/ros/src/gesture_control'
[12.599s] INFO:colcon.colcon_core.shell:Skip shell extension 'powershell' for command environment: Not usable outside of PowerShell
[12.599s] DEBUG:colcon.colcon_core.shell:Skip shell extension 'dsv' for command environment
[19.631s] DEBUG:colcon.colcon_core.event_handler.log_command:Invoking command in '/home/dev/Desktop/HACK-60-/ros/src/gesture_control': CONDA_PROMPT_MODIFIER=(base) PYTHONPATH=/home/dev/Desktop/HACK-60-/ros/build/gesture_control/prefix_override:/usr/lib/python3/dist-packages/colcon_core/task/python/colcon_distutils_commands:/home/dev/Desktop/HACK-60-/ros/install/gesture_control/lib/python3.10/site-packages:${PYTHONPATH} /usr/bin/python3 -W ignore:setup.py install is deprecated -W ignore:easy_install command is deprecated setup.py egg_info --egg-base ../../build/gesture_control build --build-base /home/dev/Desktop/HACK-60-/ros/build/gesture_control/build install --record /home/dev/Desktop/HACK-60-/ros/build/gesture_control/install.log --single-version-externally-managed install_data
[20.148s] DEBUG:colcon.colcon_core.event_handler.log_command:Invoked command in '/home/dev/Desktop/HACK-60-/ros/src/gesture_control' returned '0': CONDA_PROMPT_MODIFIER=(base) PYTHONPATH=/home/dev/Desktop/HACK-60-/ros/build/gesture_control/prefix_override:/usr/lib/python3/dist-packages/colcon_core/task/python/colcon_distutils_commands:/home/dev/Desktop/HACK-60-/ros/install/gesture_control/lib/python3.10/site-packages:${PYTHONPATH} /usr/bin/python3 -W ignore:setup.py install is deprecated -W ignore:easy_install command is deprecated setup.py egg_info --egg-base ../../build/gesture_control build --build-base /home/dev/Desktop/HACK-60-/ros/build/gesture_control/build install --record /home/dev/Desktop/HACK-60-/ros/build/gesture_control/install.log --single-version-externally-managed install_data
[20.483s] Level 1:colcon.colcon_core.environment:checking '/home/dev/Desktop/HACK-60-/ros/install/gesture_control' for CMake module files
[20.484s] Level 1:colcon.colcon_core.environment:checking '/home/dev/Desktop/HACK-60-/ros/install/gesture_control' for CMake config files
[20.485s] Level 1:colcon.colcon_core.environment:checking '/home/dev/Desktop/HACK-60-/ros/install/gesture_control/lib'
[20.485s] Level 1:colcon.colcon_core.environment:checking '/home/dev/Desktop/HACK-60-/ros/install/gesture_control/bin'
[20.486s] Level 1:colcon.colcon_core.environment:checking '/home/dev/Desktop/HACK-60-/ros/install/gesture_control/lib/pkgconfig/gesture_control.pc'
[20.486s] Level 1:colcon.colcon_core.environment:checking '/home/dev/Desktop/HACK-60-/ros/install/gesture_control/lib/python3.10/site-packages'
[20.486s] Level 1:colcon.colcon_core.shell:create_environment_hook('gesture_control', 'pythonpath')
[20.487s] INFO:colcon.colcon_core.shell:Creating environment hook '/home/dev/Desktop/HACK-60-/ros/install/gesture_control/share/gesture_control/hook/pythonpath.ps1'
[20.488s] INFO:colcon.colcon_core.shell:Creating environment descriptor '/home/dev/Desktop/HACK-60-/ros/install/gesture_control/share/gesture_control/hook/pythonpath.dsv'
[20.488s] INFO:colcon.colcon_core.shell:Creating environment hook '/home/dev/Desktop/HACK-60-/ros/install/gesture_control/share/gesture_control/hook/pythonpath.sh'
[20.489s] Level 1:colcon.colcon_core.environment:checking '/home/dev/Desktop/HACK-60-/ros/install/gesture_control/bin'
[20.489s] Level 1:colcon.colcon_core.environment:create_environment_scripts_only(gesture_control)
[20.490s] INFO:colcon.colcon_core.shell:Creating package script '/home/dev/Desktop/HACK-60-/ros/install/gesture_control/share/gesture_control/package.ps1'
[20.535s] INFO:colcon.colcon_core.shell:Creating package descriptor '/home/dev/Desktop/HACK-60-/ros/install/gesture_control/share/gesture_control/package.dsv'
[20.587s] INFO:colcon.colcon_core.shell:Creating package script '/home/dev/Desktop/HACK-60-/ros/install/gesture_control/share/gesture_control/package.sh'
[20.589s] INFO:colcon.colcon_core.shell:Creating package script '/home/dev/Desktop/HACK-60-/ros/install/gesture_control/share/gesture_control/package.bash'
[20.646s] INFO:colcon.colcon_core.shell:Creating package script '/home/dev/Desktop/HACK-60-/ros/install/gesture_control/share/gesture_control/package.zsh'
[20.671s] Level 1:colcon.colcon_core.environment:create_file_with_runtime_dependencies(/home/dev/Desktop/HACK-60-/ros/install/gesture_control/share/colcon-core/packages/gesture_control)
[20.672s] DEBUG:colcon.colcon_parallel_executor.executor.parallel:closing loop
[20.673s] DEBUG:colcon.colcon_parallel_executor.executor.parallel:loop closed
[20.673s] DEBUG:colcon.colcon_parallel_executor.executor.parallel:run_until_complete finished with '0'
[20.673s] DEBUG:colcon.colcon_core.event_reactor:joining thread
[20.682s] INFO:colcon.colcon_core.plugin_system:Skipping extension 'colcon_notification.desktop_notification.terminal_notifier': Not used on non-Darwin systems
[20.682s] INFO:colcon.colcon_core.plugin_system:Skipping extension 'colcon_notification.desktop_notification.win32': Not used on non-Windows systems
[20.682s] INFO:colcon.colcon_notification.desktop_notification:Sending desktop notification using 'notify2'
[20.705s] DEBUG:colcon.colcon_core.event_reactor:joined thread
[20.706s] INFO:colcon.colcon_core.shell:Creating prefix script '/home/dev/Desktop/HACK-60-/ros/install/local_setup.ps1'
[20.707s] INFO:colcon.colcon_core.shell:Creating prefix util module '/home/dev/Desktop/HACK-60-/ros/install/_local_setup_util_ps1.py'
[20.709s] INFO:colcon.colcon_core.shell:Creating prefix chain script '/home/dev/Desktop/HACK-60-/ros/install/setup.ps1'
[20.710s] INFO:colcon.colcon_core.shell:Creating prefix script '/home/dev/Desktop/HACK-60-/ros/install/local_setup.sh'
[20.711s] INFO:colcon.colcon_core.shell:Creating prefix util module '/home/dev/Desktop/HACK-60-/ros/install/_local_setup_util_sh.py'
[20.711s] INFO:colcon.colcon_core.shell:Creating prefix chain script '/home/dev/Desktop/HACK-60-/ros/install/setup.sh'
[20.713s] INFO:colcon.colcon_core.shell:Creating prefix script '/home/dev/Desktop/HACK-60-/ros/install/local_setup.bash'
[20.714s] INFO:colcon.colcon_core.shell:Creating prefix chain script '/home/dev/Desktop/HACK-60-/ros/install/setup.bash'
[20.716s] INFO:colcon.colcon_core.shell:Creating prefix script '/home/dev/Desktop/HACK-60-/ros/install/local_setup.zsh'
[20.717s] INFO:colcon.colcon_core.shell:Creating prefix chain script '/home/dev/Desktop/HACK-60-/ros/install/setup.zsh'
