[11.774s] DEBUG:colcon:Command line arguments: ['/usr/bin/colcon', 'build']
[11.774s] DEBUG:colcon:Parsed command line arguments: Namespace(log_base=None, log_level=None, verb_name='build', build_base='build', install_base='install', merge_install=False, symlink_install=False, test_result_base=None, continue_on_error=False, executor='parallel', parallel_workers=8, event_handlers=None, ignore_user_meta=False, metas=['./colcon.meta'], base_paths=['.'], packages_ignore=None, packages_ignore_regex=None, paths=None, packages_up_to=None, packages_up_to_regex=None, packages_above=None, packages_above_and_dependencies=None, packages_above_depth=None, packages_select_by_dep=None, packages_skip_by_dep=None, packages_skip_up_to=None, packages_select_build_failed=False, packages_skip_build_finished=False, packages_select_test_failures=False, packages_skip_test_passed=False, packages_select=None, packages_skip=None, packages_select_regex=None, packages_skip_regex=None, packages_start=None, packages_end=None, allow_overriding=[], cmake_args=None, cmake_target=None, cmake_target_skip_unavailable=False, cmake_clean_cache=False, cmake_clean_first=False, cmake_force_configure=False, ament_cmake_args=None, catkin_cmake_args=None, catkin_skip_building_tests=False, mixin_files=None, mixin=None, verb_parser=<colcon_mixin.mixin.mixin_argument.MixinArgumentDecorator object at 0x777956a4e5f0>, verb_extension=<colcon_core.verb.build.BuildVerb object at 0x777956a4e140>, main=<bound method BuildVerb.main of <colcon_core.verb.build.BuildVerb object at 0x777956a4e140>>, mixin_verb=('build',))
[36.558s] Level 1:colcon.colcon_core.package_discovery:discover_packages(colcon_meta) check parameters
[36.559s] Level 1:colcon.colcon_core.package_discovery:discover_packages(recursive) check parameters
[36.559s] Level 1:colcon.colcon_core.package_discovery:discover_packages(ignore) check parameters
[36.559s] Level 1:colcon.colcon_core.package_discovery:discover_packages(path) check parameters
[36.559s] Level 1:colcon.colcon_core.package_discovery:discover_packages(colcon_meta) discover
[36.560s] Level 1:colcon.colcon_core.package_discovery:discover_packages(recursive) discover
[36.560s] INFO:colcon.colcon_core.package_discovery:Crawling recursively for packages in '/home/dev/Desktop/HACK-60-/ros'
[36.560s] Level 1:colcon.colcon_core.package_identification:_identify(.) by extensions ['ignore', 'ignore_ament_install']
[36.560s] Level 1:colcon.colcon_core.package_identification:_identify(.) by extension 'ignore'
[36.560s] Level 1:colcon.colcon_core.package_identification:_identify(.) by extension 'ignore_ament_install'
[36.560s] Level 1:colcon.colcon_core.package_identification:_identify(.) by extensions ['colcon_pkg']
[36.560s] Level 1:colcon.colcon_core.package_identification:_identify(.) by extension 'colcon_pkg'
[36.561s] Level 1:colcon.colcon_core.package_identification:_identify(.) by extensions ['colcon_meta']
[36.561s] Level 1:colcon.colcon_core.package_identification:_identify(.) by extension 'colcon_meta'
[36.561s] Level 1:colcon.colcon_core.package_identification:_identify(.) by extensions ['ros']
[36.561s] Level 1:colcon.colcon_core.package_identification:_identify(.) by extension 'ros'
[36.685s] Level 1:colcon.colcon_core.package_identification:_identify(.) by extensions ['cmake', 'python']
[36.685s] Level 1:colcon.colcon_core.package_identification:_identify(.) by extension 'cmake'
[36.685s] Level 1:colcon.colcon_core.package_identification:_identify(.) by extension 'python'
[36.685s] Level 1:colcon.colcon_core.package_identification:_identify(.) by extensions ['python_setup_py']
[36.685s] Level 1:colcon.colcon_core.package_identification:_identify(.) by extension 'python_setup_py'
[36.685s] Level 1:colcon.colcon_core.package_identification:_identify(build) by extensions ['ignore', 'ignore_ament_install']
[36.685s] Level 1:colcon.colcon_core.package_identification:_identify(build) by extension 'ignore'
[36.685s] Level 1:colcon.colcon_core.package_identification:_identify(build) ignored
[36.686s] Level 1:colcon.colcon_core.package_identification:_identify(install) by extensions ['ignore', 'ignore_ament_install']
[36.686s] Level 1:colcon.colcon_core.package_identification:_identify(install) by extension 'ignore'
[36.686s] Level 1:colcon.colcon_core.package_identification:_identify(install) ignored
[36.686s] Level 1:colcon.colcon_core.package_identification:_identify(log) by extensions ['ignore', 'ignore_ament_install']
[36.686s] Level 1:colcon.colcon_core.package_identification:_identify(log) by extension 'ignore'
[36.686s] Level 1:colcon.colcon_core.package_identification:_identify(log) ignored
[36.686s] Level 1:colcon.colcon_core.package_identification:_identify(src) by extensions ['ignore', 'ignore_ament_install']
[36.686s] Level 1:colcon.colcon_core.package_identification:_identify(src) by extension 'ignore'
[36.686s] Level 1:colcon.colcon_core.package_identification:_identify(src) by extension 'ignore_ament_install'
[36.686s] Level 1:colcon.colcon_core.package_identification:_identify(src) by extensions ['colcon_pkg']
[36.686s] Level 1:colcon.colcon_core.package_identification:_identify(src) by extension 'colcon_pkg'
[36.686s] Level 1:colcon.colcon_core.package_identification:_identify(src) by extensions ['colcon_meta']
[36.686s] Level 1:colcon.colcon_core.package_identification:_identify(src) by extension 'colcon_meta'
[36.686s] Level 1:colcon.colcon_core.package_identification:_identify(src) by extensions ['ros']
[36.686s] Level 1:colcon.colcon_core.package_identification:_identify(src) by extension 'ros'
[36.687s] Level 1:colcon.colcon_core.package_identification:_identify(src) by extensions ['cmake', 'python']
[36.687s] Level 1:colcon.colcon_core.package_identification:_identify(src) by extension 'cmake'
[36.687s] Level 1:colcon.colcon_core.package_identification:_identify(src) by extension 'python'
[36.687s] Level 1:colcon.colcon_core.package_identification:_identify(src) by extensions ['python_setup_py']
[36.687s] Level 1:colcon.colcon_core.package_identification:_identify(src) by extension 'python_setup_py'
[36.687s] Level 1:colcon.colcon_core.package_discovery:discover_packages(recursive) using defaults
[36.687s] Level 1:colcon.colcon_core.package_discovery:discover_packages(ignore) discover
[36.687s] Level 1:colcon.colcon_core.package_discovery:discover_packages(ignore) using defaults
[36.687s] Level 1:colcon.colcon_core.package_discovery:discover_packages(path) discover
[36.687s] Level 1:colcon.colcon_core.package_discovery:discover_packages(path) using defaults
[37.079s] Level 1:colcon.colcon_core.package_discovery:discover_packages(prefix_path) check parameters
[37.079s] Level 1:colcon.colcon_core.package_discovery:discover_packages(prefix_path) discover
[37.102s] DEBUG:colcon.colcon_installed_package_information.package_discovery:Found 424 installed packages in /opt/ros/humble
[37.105s] Level 1:colcon.colcon_core.package_discovery:discover_packages(prefix_path) using defaults
[37.178s] INFO:colcon.colcon_core.executor:Executing jobs using 'parallel' executor
[37.179s] DEBUG:colcon.colcon_parallel_executor.executor.parallel:run_until_complete
[37.179s] DEBUG:colcon.colcon_parallel_executor.executor.parallel:closing loop
[37.179s] DEBUG:colcon.colcon_parallel_executor.executor.parallel:loop closed
[37.179s] DEBUG:colcon.colcon_parallel_executor.executor.parallel:run_until_complete finished with '0'
[37.179s] DEBUG:colcon.colcon_core.event_reactor:joining thread
[37.248s] INFO:colcon.colcon_core.plugin_system:Skipping extension 'colcon_notification.desktop_notification.terminal_notifier': Not used on non-Darwin systems
[37.248s] INFO:colcon.colcon_core.plugin_system:Skipping extension 'colcon_notification.desktop_notification.win32': Not used on non-Windows systems
[37.248s] INFO:colcon.colcon_notification.desktop_notification:Sending desktop notification using 'notify2'
[37.263s] DEBUG:colcon.colcon_core.event_reactor:joined thread
[37.318s] INFO:colcon.colcon_core.plugin_system:Skipping extension 'colcon_core.shell.bat': Not used on non-Windows systems
[37.318s] INFO:colcon.colcon_core.shell:Creating prefix script '/home/dev/Desktop/HACK-60-/ros/install/local_setup.ps1'
[37.322s] INFO:colcon.colcon_core.shell:Creating prefix util module '/home/dev/Desktop/HACK-60-/ros/install/_local_setup_util_ps1.py'
[37.350s] INFO:colcon.colcon_core.shell:Creating prefix chain script '/home/dev/Desktop/HACK-60-/ros/install/setup.ps1'
[37.353s] INFO:colcon.colcon_core.shell:Creating prefix script '/home/dev/Desktop/HACK-60-/ros/install/local_setup.sh'
[37.359s] INFO:colcon.colcon_core.shell:Creating prefix util module '/home/dev/Desktop/HACK-60-/ros/install/_local_setup_util_sh.py'
[37.360s] INFO:colcon.colcon_core.shell:Creating prefix chain script '/home/dev/Desktop/HACK-60-/ros/install/setup.sh'
[37.361s] INFO:colcon.colcon_core.shell:Creating prefix script '/home/dev/Desktop/HACK-60-/ros/install/local_setup.bash'
[37.362s] INFO:colcon.colcon_core.shell:Creating prefix chain script '/home/dev/Desktop/HACK-60-/ros/install/setup.bash'
[37.364s] INFO:colcon.colcon_core.shell:Creating prefix script '/home/dev/Desktop/HACK-60-/ros/install/local_setup.zsh'
[37.365s] INFO:colcon.colcon_core.shell:Creating prefix chain script '/home/dev/Desktop/HACK-60-/ros/install/setup.zsh'
