[0.596s] DEBUG:colcon:Command line arguments: ['/usr/bin/colcon', 'build', '--packages-select', 'gesture_control']
[0.596s] DEBUG:colcon:Parsed command line arguments: Namespace(log_base=None, log_level=None, verb_name='build', build_base='build', install_base='install', merge_install=False, symlink_install=False, test_result_base=None, continue_on_error=False, executor='parallel', parallel_workers=8, event_handlers=None, ignore_user_meta=False, metas=['./colcon.meta'], base_paths=['.'], packages_ignore=None, packages_ignore_regex=None, paths=None, packages_up_to=None, packages_up_to_regex=None, packages_above=None, packages_above_and_dependencies=None, packages_above_depth=None, packages_select_by_dep=None, packages_skip_by_dep=None, packages_skip_up_to=None, packages_select_build_failed=False, packages_skip_build_finished=False, packages_select_test_failures=False, packages_skip_test_passed=False, packages_select=['gesture_control'], packages_skip=None, packages_select_regex=None, packages_skip_regex=None, packages_start=None, packages_end=None, allow_overriding=[], cmake_args=None, cmake_target=None, cmake_target_skip_unavailable=False, cmake_clean_cache=False, cmake_clean_first=False, cmake_force_configure=False, ament_cmake_args=None, catkin_cmake_args=None, catkin_skip_building_tests=False, mixin_files=None, mixin=None, verb_parser=<colcon_mixin.mixin.mixin_argument.MixinArgumentDecorator object at 0x7ed6bc76af50>, verb_extension=<colcon_core.verb.build.BuildVerb object at 0x7ed6bc76aaa0>, main=<bound method BuildVerb.main of <colcon_core.verb.build.BuildVerb object at 0x7ed6bc76aaa0>>, mixin_verb=('build',))
[4.828s] Level 1:colcon.colcon_core.package_discovery:discover_packages(colcon_meta) check parameters
[4.828s] Level 1:colcon.colcon_core.package_discovery:discover_packages(recursive) check parameters
[4.829s] Level 1:colcon.colcon_core.package_discovery:discover_packages(ignore) check parameters
[4.829s] Level 1:colcon.colcon_core.package_discovery:discover_packages(path) check parameters
[4.829s] Level 1:colcon.colcon_core.package_discovery:discover_packages(colcon_meta) discover
[4.829s] Level 1:colcon.colcon_core.package_discovery:discover_packages(recursive) discover
[4.829s] INFO:colcon.colcon_core.package_discovery:Crawling recursively for packages in '/home/dev/Desktop/HACK-60-/ros'
[4.829s] Level 1:colcon.colcon_core.package_identification:_identify(.) by extensions ['ignore', 'ignore_ament_install']
[4.829s] Level 1:colcon.colcon_core.package_identification:_identify(.) by extension 'ignore'
[4.829s] Level 1:colcon.colcon_core.package_identification:_identify(.) by extension 'ignore_ament_install'
[4.829s] Level 1:colcon.colcon_core.package_identification:_identify(.) by extensions ['colcon_pkg']
[4.829s] Level 1:colcon.colcon_core.package_identification:_identify(.) by extension 'colcon_pkg'
[4.829s] Level 1:colcon.colcon_core.package_identification:_identify(.) by extensions ['colcon_meta']
[4.829s] Level 1:colcon.colcon_core.package_identification:_identify(.) by extension 'colcon_meta'
[4.829s] Level 1:colcon.colcon_core.package_identification:_identify(.) by extensions ['ros']
[4.829s] Level 1:colcon.colcon_core.package_identification:_identify(.) by extension 'ros'
[4.889s] Level 1:colcon.colcon_core.package_identification:_identify(.) by extensions ['cmake', 'python']
[4.889s] Level 1:colcon.colcon_core.package_identification:_identify(.) by extension 'cmake'
[4.889s] Level 1:colcon.colcon_core.package_identification:_identify(.) by extension 'python'
[4.890s] Level 1:colcon.colcon_core.package_identification:_identify(.) by extensions ['python_setup_py']
[4.890s] Level 1:colcon.colcon_core.package_identification:_identify(.) by extension 'python_setup_py'
[4.891s] Level 1:colcon.colcon_core.package_identification:_identify(build) by extensions ['ignore', 'ignore_ament_install']
[4.891s] Level 1:colcon.colcon_core.package_identification:_identify(build) by extension 'ignore'
[4.891s] Level 1:colcon.colcon_core.package_identification:_identify(build) ignored
[4.892s] Level 1:colcon.colcon_core.package_identification:_identify(install) by extensions ['ignore', 'ignore_ament_install']
[4.892s] Level 1:colcon.colcon_core.package_identification:_identify(install) by extension 'ignore'
[4.892s] Level 1:colcon.colcon_core.package_identification:_identify(install) ignored
[4.892s] Level 1:colcon.colcon_core.package_identification:_identify(log) by extensions ['ignore', 'ignore_ament_install']
[4.893s] Level 1:colcon.colcon_core.package_identification:_identify(log) by extension 'ignore'
[4.893s] Level 1:colcon.colcon_core.package_identification:_identify(log) ignored
[4.893s] Level 1:colcon.colcon_core.package_identification:_identify(src) by extensions ['ignore', 'ignore_ament_install']
[4.893s] Level 1:colcon.colcon_core.package_identification:_identify(src) by extension 'ignore'
[4.893s] Level 1:colcon.colcon_core.package_identification:_identify(src) by extension 'ignore_ament_install'
[4.893s] Level 1:colcon.colcon_core.package_identification:_identify(src) by extensions ['colcon_pkg']
[4.893s] Level 1:colcon.colcon_core.package_identification:_identify(src) by extension 'colcon_pkg'
[4.893s] Level 1:colcon.colcon_core.package_identification:_identify(src) by extensions ['colcon_meta']
[4.894s] Level 1:colcon.colcon_core.package_identification:_identify(src) by extension 'colcon_meta'
[4.894s] Level 1:colcon.colcon_core.package_identification:_identify(src) by extensions ['ros']
[4.894s] Level 1:colcon.colcon_core.package_identification:_identify(src) by extension 'ros'
[4.894s] Level 1:colcon.colcon_core.package_identification:_identify(src) by extensions ['cmake', 'python']
[4.894s] Level 1:colcon.colcon_core.package_identification:_identify(src) by extension 'cmake'
[4.894s] Level 1:colcon.colcon_core.package_identification:_identify(src) by extension 'python'
[4.894s] Level 1:colcon.colcon_core.package_identification:_identify(src) by extensions ['python_setup_py']
[4.894s] Level 1:colcon.colcon_core.package_identification:_identify(src) by extension 'python_setup_py'
[4.894s] Level 1:colcon.colcon_core.package_identification:_identify(src/gesture_control) by extensions ['ignore', 'ignore_ament_install']
[4.894s] Level 1:colcon.colcon_core.package_identification:_identify(src/gesture_control) by extension 'ignore'
[4.894s] Level 1:colcon.colcon_core.package_identification:_identify(src/gesture_control) by extension 'ignore_ament_install'
[4.894s] Level 1:colcon.colcon_core.package_identification:_identify(src/gesture_control) by extensions ['colcon_pkg']
[4.894s] Level 1:colcon.colcon_core.package_identification:_identify(src/gesture_control) by extension 'colcon_pkg'
[4.894s] Level 1:colcon.colcon_core.package_identification:_identify(src/gesture_control) by extensions ['colcon_meta']
[4.894s] Level 1:colcon.colcon_core.package_identification:_identify(src/gesture_control) by extension 'colcon_meta'
[4.895s] Level 1:colcon.colcon_core.package_identification:_identify(src/gesture_control) by extensions ['ros']
[4.895s] Level 1:colcon.colcon_core.package_identification:_identify(src/gesture_control) by extension 'ros'
[4.931s] DEBUG:colcon.colcon_core.package_identification:Package 'src/gesture_control' with type 'ros.ament_python' and name 'gesture_control'
[4.931s] Level 1:colcon.colcon_core.package_discovery:discover_packages(recursive) using defaults
[4.931s] Level 1:colcon.colcon_core.package_discovery:discover_packages(ignore) discover
[4.931s] Level 1:colcon.colcon_core.package_discovery:discover_packages(ignore) using defaults
[4.931s] Level 1:colcon.colcon_core.package_discovery:discover_packages(path) discover
[4.931s] Level 1:colcon.colcon_core.package_discovery:discover_packages(path) using defaults
[5.084s] Level 1:colcon.colcon_core.package_discovery:discover_packages(prefix_path) check parameters
[5.084s] Level 1:colcon.colcon_core.package_discovery:discover_packages(prefix_path) discover
[5.116s] DEBUG:colcon.colcon_installed_package_information.package_discovery:Found 1 installed packages in /home/dev/Desktop/HACK-60-/ros/install
[5.118s] DEBUG:colcon.colcon_installed_package_information.package_discovery:Found 424 installed packages in /opt/ros/humble
[5.119s] Level 1:colcon.colcon_core.package_discovery:discover_packages(prefix_path) using defaults
[5.219s] Level 5:colcon.colcon_core.verb:set package 'gesture_control' build argument 'cmake_args' from command line to 'None'
[5.220s] Level 5:colcon.colcon_core.verb:set package 'gesture_control' build argument 'cmake_target' from command line to 'None'
[5.220s] Level 5:colcon.colcon_core.verb:set package 'gesture_control' build argument 'cmake_target_skip_unavailable' from command line to 'False'
[5.220s] Level 5:colcon.colcon_core.verb:set package 'gesture_control' build argument 'cmake_clean_cache' from command line to 'False'
[5.220s] Level 5:colcon.colcon_core.verb:set package 'gesture_control' build argument 'cmake_clean_first' from command line to 'False'
[5.220s] Level 5:colcon.colcon_core.verb:set package 'gesture_control' build argument 'cmake_force_configure' from command line to 'False'
[5.220s] Level 5:colcon.colcon_core.verb:set package 'gesture_control' build argument 'ament_cmake_args' from command line to 'None'
[5.220s] Level 5:colcon.colcon_core.verb:set package 'gesture_control' build argument 'catkin_cmake_args' from command line to 'None'
[5.220s] Level 5:colcon.colcon_core.verb:set package 'gesture_control' build argument 'catkin_skip_building_tests' from command line to 'False'
[5.220s] DEBUG:colcon.colcon_core.verb:Building package 'gesture_control' with the following arguments: {'ament_cmake_args': None, 'build_base': '/home/dev/Desktop/HACK-60-/ros/build/gesture_control', 'catkin_cmake_args': None, 'catkin_skip_building_tests': False, 'cmake_args': None, 'cmake_clean_cache': False, 'cmake_clean_first': False, 'cmake_force_configure': False, 'cmake_target': None, 'cmake_target_skip_unavailable': False, 'install_base': '/home/dev/Desktop/HACK-60-/ros/install/gesture_control', 'merge_install': False, 'path': '/home/dev/Desktop/HACK-60-/ros/src/gesture_control', 'symlink_install': False, 'test_result_base': None}
[5.220s] INFO:colcon.colcon_core.executor:Executing jobs using 'parallel' executor
[5.221s] DEBUG:colcon.colcon_parallel_executor.executor.parallel:run_until_complete
[5.222s] INFO:colcon.colcon_ros.task.ament_python.build:Building ROS package in '/home/dev/Desktop/HACK-60-/ros/src/gesture_control' with build type 'ament_python'
[5.222s] Level 1:colcon.colcon_core.shell:create_environment_hook('gesture_control', 'ament_prefix_path')
[5.249s] INFO:colcon.colcon_core.plugin_system:Skipping extension 'colcon_core.shell.bat': Not used on non-Windows systems
[5.249s] INFO:colcon.colcon_core.shell:Creating environment hook '/home/dev/Desktop/HACK-60-/ros/install/gesture_control/share/gesture_control/hook/ament_prefix_path.ps1'
[5.251s] INFO:colcon.colcon_core.shell:Creating environment descriptor '/home/dev/Desktop/HACK-60-/ros/install/gesture_control/share/gesture_control/hook/ament_prefix_path.dsv'
[5.264s] INFO:colcon.colcon_core.shell:Creating environment hook '/home/dev/Desktop/HACK-60-/ros/install/gesture_control/share/gesture_control/hook/ament_prefix_path.sh'
[5.266s] INFO:colcon.colcon_core.shell:Skip shell extension 'powershell' for command environment: Not usable outside of PowerShell
[5.266s] DEBUG:colcon.colcon_core.shell:Skip shell extension 'dsv' for command environment
[5.722s] INFO:colcon.colcon_core.task.python.build:Building Python package in '/home/dev/Desktop/HACK-60-/ros/src/gesture_control'
[5.723s] INFO:colcon.colcon_core.shell:Skip shell extension 'powershell' for command environment: Not usable outside of PowerShell
[5.723s] DEBUG:colcon.colcon_core.shell:Skip shell extension 'dsv' for command environment
[7.052s] DEBUG:colcon.colcon_core.event_handler.log_command:Invoking command in '/home/dev/Desktop/HACK-60-/ros/src/gesture_control': PYTHONPATH=/home/dev/Desktop/HACK-60-/ros/build/gesture_control/prefix_override:/usr/lib/python3/dist-packages/colcon_core/task/python/colcon_distutils_commands:/home/dev/Desktop/HACK-60-/ros/install/gesture_control/lib/python3.10/site-packages:${PYTHONPATH} /usr/bin/python3 -W ignore:setup.py install is deprecated -W ignore:easy_install command is deprecated setup.py egg_info --egg-base ../../build/gesture_control build --build-base /home/dev/Desktop/HACK-60-/ros/build/gesture_control/build install --record /home/dev/Desktop/HACK-60-/ros/build/gesture_control/install.log --single-version-externally-managed install_data
[7.518s] DEBUG:colcon.colcon_core.event_handler.log_command:Invoked command in '/home/dev/Desktop/HACK-60-/ros/src/gesture_control' returned '0': PYTHONPATH=/home/dev/Desktop/HACK-60-/ros/build/gesture_control/prefix_override:/usr/lib/python3/dist-packages/colcon_core/task/python/colcon_distutils_commands:/home/dev/Desktop/HACK-60-/ros/install/gesture_control/lib/python3.10/site-packages:${PYTHONPATH} /usr/bin/python3 -W ignore:setup.py install is deprecated -W ignore:easy_install command is deprecated setup.py egg_info --egg-base ../../build/gesture_control build --build-base /home/dev/Desktop/HACK-60-/ros/build/gesture_control/build install --record /home/dev/Desktop/HACK-60-/ros/build/gesture_control/install.log --single-version-externally-managed install_data
[7.590s] Level 1:colcon.colcon_core.environment:checking '/home/dev/Desktop/HACK-60-/ros/install/gesture_control' for CMake module files
[7.591s] Level 1:colcon.colcon_core.environment:checking '/home/dev/Desktop/HACK-60-/ros/install/gesture_control' for CMake config files
[7.592s] Level 1:colcon.colcon_core.environment:checking '/home/dev/Desktop/HACK-60-/ros/install/gesture_control/lib'
[7.593s] Level 1:colcon.colcon_core.environment:checking '/home/dev/Desktop/HACK-60-/ros/install/gesture_control/bin'
[7.593s] Level 1:colcon.colcon_core.environment:checking '/home/dev/Desktop/HACK-60-/ros/install/gesture_control/lib/pkgconfig/gesture_control.pc'
[7.593s] Level 1:colcon.colcon_core.environment:checking '/home/dev/Desktop/HACK-60-/ros/install/gesture_control/lib/python3.10/site-packages'
[7.593s] Level 1:colcon.colcon_core.shell:create_environment_hook('gesture_control', 'pythonpath')
[7.593s] INFO:colcon.colcon_core.shell:Creating environment hook '/home/dev/Desktop/HACK-60-/ros/install/gesture_control/share/gesture_control/hook/pythonpath.ps1'
[7.594s] INFO:colcon.colcon_core.shell:Creating environment descriptor '/home/dev/Desktop/HACK-60-/ros/install/gesture_control/share/gesture_control/hook/pythonpath.dsv'
[7.594s] INFO:colcon.colcon_core.shell:Creating environment hook '/home/dev/Desktop/HACK-60-/ros/install/gesture_control/share/gesture_control/hook/pythonpath.sh'
[7.595s] Level 1:colcon.colcon_core.environment:checking '/home/dev/Desktop/HACK-60-/ros/install/gesture_control/bin'
[7.595s] Level 1:colcon.colcon_core.environment:create_environment_scripts_only(gesture_control)
[7.595s] INFO:colcon.colcon_core.shell:Creating package script '/home/dev/Desktop/HACK-60-/ros/install/gesture_control/share/gesture_control/package.ps1'
[7.596s] INFO:colcon.colcon_core.shell:Creating package descriptor '/home/dev/Desktop/HACK-60-/ros/install/gesture_control/share/gesture_control/package.dsv'
[7.598s] INFO:colcon.colcon_core.shell:Creating package script '/home/dev/Desktop/HACK-60-/ros/install/gesture_control/share/gesture_control/package.sh'
[7.599s] INFO:colcon.colcon_core.shell:Creating package script '/home/dev/Desktop/HACK-60-/ros/install/gesture_control/share/gesture_control/package.bash'
[7.600s] INFO:colcon.colcon_core.shell:Creating package script '/home/dev/Desktop/HACK-60-/ros/install/gesture_control/share/gesture_control/package.zsh'
[7.602s] Level 1:colcon.colcon_core.environment:create_file_with_runtime_dependencies(/home/dev/Desktop/HACK-60-/ros/install/gesture_control/share/colcon-core/packages/gesture_control)
[7.602s] DEBUG:colcon.colcon_parallel_executor.executor.parallel:closing loop
[7.602s] DEBUG:colcon.colcon_parallel_executor.executor.parallel:loop closed
[7.602s] DEBUG:colcon.colcon_parallel_executor.executor.parallel:run_until_complete finished with '0'
[7.602s] DEBUG:colcon.colcon_core.event_reactor:joining thread
[7.676s] INFO:colcon.colcon_core.plugin_system:Skipping extension 'colcon_notification.desktop_notification.terminal_notifier': Not used on non-Darwin systems
[7.676s] INFO:colcon.colcon_core.plugin_system:Skipping extension 'colcon_notification.desktop_notification.win32': Not used on non-Windows systems
[7.677s] INFO:colcon.colcon_notification.desktop_notification:Sending desktop notification using 'notify2'
[8.264s] DEBUG:colcon.colcon_core.event_reactor:joined thread
[8.265s] INFO:colcon.colcon_core.shell:Creating prefix script '/home/dev/Desktop/HACK-60-/ros/install/local_setup.ps1'
[8.267s] INFO:colcon.colcon_core.shell:Creating prefix util module '/home/dev/Desktop/HACK-60-/ros/install/_local_setup_util_ps1.py'
[8.270s] INFO:colcon.colcon_core.shell:Creating prefix chain script '/home/dev/Desktop/HACK-60-/ros/install/setup.ps1'
[8.272s] INFO:colcon.colcon_core.shell:Creating prefix script '/home/dev/Desktop/HACK-60-/ros/install/local_setup.sh'
[8.274s] INFO:colcon.colcon_core.shell:Creating prefix util module '/home/dev/Desktop/HACK-60-/ros/install/_local_setup_util_sh.py'
[8.275s] INFO:colcon.colcon_core.shell:Creating prefix chain script '/home/dev/Desktop/HACK-60-/ros/install/setup.sh'
[8.277s] INFO:colcon.colcon_core.shell:Creating prefix script '/home/dev/Desktop/HACK-60-/ros/install/local_setup.bash'
[8.279s] INFO:colcon.colcon_core.shell:Creating prefix chain script '/home/dev/Desktop/HACK-60-/ros/install/setup.bash'
[8.282s] INFO:colcon.colcon_core.shell:Creating prefix script '/home/dev/Desktop/HACK-60-/ros/install/local_setup.zsh'
[8.284s] INFO:colcon.colcon_core.shell:Creating prefix chain script '/home/dev/Desktop/HACK-60-/ros/install/setup.zsh'
